<?xml version="1.0" encoding="UTF-8"?>
<!-- Generated by org.testng.reporters.JUnitXMLReporter -->
<testsuite ignored="0" hostname="LAPTOP-9SHU180Q" failures="1" tests="2" name="Test" time="10.123" errors="0" timestamp="2024-04-20T13:58:32 IST">
  <testcase classname="reportsDemo.TestListeners" name="testcase1" time="5.87"/>
  <testcase classname="reportsDemo.TestListeners" name="testcase2" time="4.192">
    <failure type="java.lang.AssertionError" message="Test case failed expected [true] but found [false]">
      <![CDATA[java.lang.AssertionError: Test case failed expected [true] but found [false]
at reportsDemo.TestListeners.testcase2(TestListeners.java:33)
at java.base/java.util.ArrayList.forEach(ArrayList.java:1511)
... Removed 30 stack frames]]>
    </failure>
  </testcase> <!-- testcase2 -->
</testsuite> <!-- Test -->
