<?xml version="1.0" encoding="UTF-8"?>
<!-- Generated by org.testng.reporters.JUnitXMLReporter -->
<testsuite ignored="0" hostname="LAPTOP-9SHU180Q" failures="0" tests="3" name="Test" time="28.394" errors="0" timestamp="2024-05-17T13:44:57 IST">
  <testcase classname="com.SwagLabs.TestCases.OverviewTest" name="verifyUrl" time="0.021"/>
  <testcase classname="com.SwagLabs.TestCases.OverviewTest" name="getProductDetails" time="0.156"/>
  <testcase classname="com.SwagLabs.TestCases.OverviewTest" name="docomplete" time="0.219"/>
</testsuite> <!-- Test -->
