<?xml version="1.0" encoding="UTF-8"?>
<testng-results ignored="0" total="3" passed="3" failed="0" skipped="0">
  <reporter-output>
  </reporter-output>
  <suite started-at="2024-05-03T17:43:27 IST" name="Suite" finished-at="2024-05-03T17:43:56 IST" duration-ms="29072">
    <groups>
    </groups>
    <test started-at="2024-05-03T17:43:27 IST" name="Test" finished-at="2024-05-03T17:43:56 IST" duration-ms="29072">
      <class name="com.SwagLabs.TestCases.OverviewTest">
        <test-method is-config="true" signature="AppsetUp()[pri:0, instance:com.SwagLabs.TestCases.OverviewTest@663c9e7a]" started-at="2024-05-03T17:43:27 IST" name="AppsetUp" finished-at="2024-05-03T17:43:31 IST" duration-ms="3799" status="PASS">
          <reporter-output>
          </reporter-output>
        </test-method> <!-- AppsetUp -->
        <test-method is-config="true" signature="PageSetUp()[pri:0, instance:com.SwagLabs.TestCases.OverviewTest@663c9e7a]" started-at="2024-05-03T17:43:31 IST" name="PageSetUp" finished-at="2024-05-03T17:43:56 IST" duration-ms="24815" status="PASS">
          <reporter-output>
          </reporter-output>
        </test-method> <!-- PageSetUp -->
        <test-method signature="verifyUrl()[pri:1, instance:com.SwagLabs.TestCases.OverviewTest@663c9e7a]" started-at="2024-05-03T17:43:56 IST" name="verifyUrl" finished-at="2024-05-03T17:43:56 IST" duration-ms="17" status="PASS">
          <reporter-output>
          </reporter-output>
        </test-method> <!-- verifyUrl -->
        <test-method signature="getProductDetails()[pri:2, instance:com.SwagLabs.TestCases.OverviewTest@663c9e7a]" started-at="2024-05-03T17:43:56 IST" name="getProductDetails" finished-at="2024-05-03T17:43:56 IST" duration-ms="149" status="PASS">
          <reporter-output>
          </reporter-output>
        </test-method> <!-- getProductDetails -->
        <test-method signature="docomplete()[pri:3, instance:com.SwagLabs.TestCases.OverviewTest@663c9e7a]" started-at="2024-05-03T17:43:56 IST" name="docomplete" finished-at="2024-05-03T17:43:56 IST" duration-ms="233" status="PASS">
          <reporter-output>
          </reporter-output>
        </test-method> <!-- docomplete -->
      </class> <!-- com.SwagLabs.TestCases.OverviewTest -->
    </test> <!-- Test -->
  </suite> <!-- Suite -->
</testng-results>
