<?xml version="1.0" encoding="UTF-8"?>
<testng-results ignored="0" total="1" passed="1" failed="0" skipped="0">
  <reporter-output>
  </reporter-output>
  <suite started-at="2024-05-03T17:33:20 IST" name="Default suite" finished-at="2024-05-03T17:33:24 IST" duration-ms="3972">
    <groups>
    </groups>
    <test started-at="2024-05-03T17:33:20 IST" name="Default test" finished-at="2024-05-03T17:33:24 IST" duration-ms="3972">
      <class name="reportsDemo.GoogleTitleValidation">
        <test-method signature="GoogleTitle()[pri:0, instance:reportsDemo.GoogleTitleValidation@40ef3420]" started-at="2024-05-03T17:33:20 IST" name="GoogleTitle" finished-at="2024-05-03T17:33:24 IST" duration-ms="3921" status="PASS">
          <reporter-output>
          </reporter-output>
        </test-method> <!-- GoogleTitle -->
      </class> <!-- reportsDemo.GoogleTitleValidation -->
    </test> <!-- Default test -->
  </suite> <!-- Default suite -->
</testng-results>
